<?xml version="1.0" encoding="UTF-8"?>
<!-- Generated by org.testng.reporters.JUnitReportReporter -->
<testsuite skipped="2" hostname="DEV008" name="qaclickacademy.AppiumTest" tests="2" failures="0" timestamp="23 Oct 2019 09:51:29 GMT" time="0.001" errors="0">
  <testcase name="IOSApps" time="0.001" classname="qaclickacademy.AppiumTest">
    <skipped/>
  </testcase> <!-- IOSApps -->
  <testcase name="NativeAppAndroid" time="0.000" classname="qaclickacademy.AppiumTest">
    <skipped/>
  </testcase> <!-- NativeAppAndroid -->
</testsuite> <!-- qaclickacademy.AppiumTest -->
