<?xml version="1.0" encoding="UTF-8"?>
<!-- Generated by org.testng.reporters.JUnitReportReporter -->
<testsuite skipped="2" hostname="DEV008" name="qaclickacademy.AppiumTest" tests="2" failures="0" timestamp="2019-10-24T14:13:05 IST" time="0.000" errors="0">
  <testcase name="NativeAppAndroid" time="0.000" classname="qaclickacademy.AppiumTest">
    <skipped/>
  </testcase> <!-- NativeAppAndroid -->
  <testcase name="IOSApps" time="0.000" classname="qaclickacademy.AppiumTest">
    <skipped/>
  </testcase> <!-- IOSApps -->
</testsuite> <!-- qaclickacademy.AppiumTest -->
