<?xml version="1.0" encoding="UTF-8"?>
<!-- Generated by org.testng.reporters.JUnitReportReporter -->
<testsuite skipped="2" hostname="DEV008" name="qaclickacademy.RESTAPITest" tests="2" failures="0" timestamp="23 Oct 2019 09:51:29 GMT" time="0.000" errors="0">
  <testcase name="postJira" time="0.000" classname="qaclickacademy.RESTAPITest">
    <skipped/>
  </testcase> <!-- postJira -->
  <testcase name="deleteTwitter" time="0.000" classname="qaclickacademy.RESTAPITest">
    <skipped/>
  </testcase> <!-- deleteTwitter -->
</testsuite> <!-- qaclickacademy.RESTAPITest -->
