<?xml version="1.0" encoding="UTF-8"?>
<!-- Generated by org.testng.reporters.JUnitReportReporter -->
<testsuite skipped="0" hostname="DEV008" name="qaclickacademy.AppiumTest" tests="2" failures="0" timestamp="2019-10-15T16:44:29 IST" time="0.018" errors="0">
  <testcase name="IOSApps" time="0.014" classname="qaclickacademy.AppiumTest"/>
  <testcase name="NativeAppAndroid" time="0.004" classname="qaclickacademy.AppiumTest"/>
</testsuite> <!-- qaclickacademy.AppiumTest -->
